<?xml version="1.0" encoding="UTF-8"?>
<!-- Generated by org.testng.reporters.JUnitReportReporter -->
<testsuite hostname="LAPTOP-OO36VSPJ" failures="0" tests="3" name="TestNGScripts.DataParam" time="24.800" errors="0" timestamp="14 Dec 2020 04:50:29 GMT" skipped="0">
  <testcase classname="TestNGScripts.DataParam" name="loginTest" time="20.395"/>
  <testcase classname="TestNGScripts.DataParam" name="loginTest" time="2.105"/>
  <testcase classname="TestNGScripts.DataParam" name="loginTest" time="2.300"/>
</testsuite> <!-- TestNGScripts.DataParam -->
