<?xml version="1.0" encoding="UTF-8"?>
<!-- Generated by org.testng.reporters.JUnitReportReporter -->
<testsuite hostname="LAPTOP-OO36VSPJ" failures="0" tests="3" name="TestNGScripts.GooglePageTest" time="17.211" errors="0" timestamp="11 Dec 2020 04:48:37 GMT" skipped="0">
  <testcase classname="TestNGScripts.GooglePageTest" name="seleniumTest" time="4.264"/>
  <testcase classname="TestNGScripts.GooglePageTest" name="javaTest" time="5.441"/>
  <testcase classname="TestNGScripts.GooglePageTest" name="cypressTest" time="7.506"/>
</testsuite> <!-- TestNGScripts.GooglePageTest -->
